[debug] [2022-08-09T07:47:34.166Z] ----------------------------------------------------------------------
[debug] [2022-08-09T07:47:34.168Z] Command:       C:\Program Files\nodejs\node.exe C:\Users\Clevin\AppData\Roaming\npm\node_modules\firebase-tools\lib\bin\firebase.js init
[debug] [2022-08-09T07:47:34.169Z] CLI Version:   11.5.0
[debug] [2022-08-09T07:47:34.169Z] Platform:      win32
[debug] [2022-08-09T07:47:34.169Z] Node Version:  v16.16.0
[debug] [2022-08-09T07:47:34.170Z] Time:          Tue Aug 09 2022 13:17:34 GMT+0530 (India Standard Time)
[debug] [2022-08-09T07:47:34.170Z] ----------------------------------------------------------------------
[debug] 
[debug] [2022-08-09T07:47:34.173Z] >>> [apiv2][query] GET https://firebase-public.firebaseio.com/cli.json [none]
[debug] [2022-08-09T07:47:34.195Z] > command requires scopes: ["email","openid","https://www.googleapis.com/auth/cloudplatformprojects.readonly","https://www.googleapis.com/auth/firebase","https://www.googleapis.com/auth/cloud-platform"]
[debug] [2022-08-09T07:47:34.195Z] > authorizing via signed-in user (clevinmw@gmail.com)
[info] 
     ######## #### ########  ######## ########     ###     ######  ########
     ##        ##  ##     ## ##       ##     ##  ##   ##  ##       ##
     ######    ##  ########  ######   ########  #########  ######  ######
     ##        ##  ##    ##  ##       ##     ## ##     ##       ## ##
     ##       #### ##     ## ######## ########  ##     ##  ######  ########

You're about to initialize a Firebase project in this directory:

  C:\Users\Clevin\OneDrive\Desktop\Work Space\applestore-react

[debug] [2022-08-09T07:47:34.873Z] <<< [apiv2][status] GET https://firebase-public.firebaseio.com/cli.json 200
[debug] [2022-08-09T07:47:34.873Z] <<< [apiv2][body] GET https://firebase-public.firebaseio.com/cli.json {"cloudBuildErrorAfter":1594252800000,"cloudBuildWarnAfter":1590019200000,"defaultNode10After":1594252800000,"minVersion":"3.0.5","node8DeploysDisabledAfter":1613390400000,"node8RuntimeDisabledAfter":1615809600000,"node8WarnAfter":1600128000000}
